<?xml version="1.0" encoding="UTF-8"?>
<!-- Generated by org.testng.reporters.JUnitReportReporter -->
<testsuite hostname="DESKTOP-SBE2UEF" failures="0" tests="3" name="cucumber.opt.runner" time="23.755" errors="0" timestamp="2024-01-28T11:34:07 IST" skipped="0">
  <testcase classname="cucumber.opt.runner" name="runScenario" time="6.995"/>
  <system-out/>
  <testcase classname="cucumber.opt.runner" name="runScenario" time="6.128"/>
  <system-out/>
  <testcase classname="cucumber.opt.runner" name="runScenario" time="10.632"/>
  <system-out/>
</testsuite> <!-- cucumber.opt.runner -->
